Base path: C:/Program Files (x86)/Unity/Editor/Data
Pipe name: \\.\pipe\UnityShaderCompiler-1-9372
Cmd: getPlatforms
Cmd: preprocess
  insize=370 outsize=271 ok=1
Cmd: compileSnippet
  api=4 type=0 insize=397 outsize=762 kw= ok=1
Cmd: compileSnippet
  api=4 type=1 insize=397 outsize=380 kw= ok=1
Cmd: preprocess
  insize=1752 outsize=355 ok=1
Cmd: compileSnippet
  api=4 type=0 insize=1643 outsize=1550 kw= ok=1
Cmd: compileSnippet
  api=4 type=1 insize=1643 outsize=1493 kw= ok=1
Cmd: preprocess
  insize=469 outsize=359 ok=1
Cmd: compileSnippet
  api=4 type=0 insize=410 outsize=1071 kw= ok=1
Cmd: compileSnippet
  api=4 type=1 insize=410 outsize=852 kw= ok=1
Cmd: preprocess
  insize=1484 outsize=448 ok=1
Cmd: compileSnippet
  api=4 type=0 insize=1287 outsize=1339 kw= ok=1
Cmd: compileSnippet
  api=4 type=1 insize=1287 outsize=1404 kw= ok=1
Cmd: preprocess
  insize=370 outsize=271 ok=1
Cmd: preprocess
  insize=469 outsize=359 ok=1
Unhandled exception: Readfile from pipe failed. GLE=The pipe has been ended.


Quitting shader compiler process
